c:\users\neneee\polygon_slice\polygonslice\x64\debug\vc143.pdb
c:\users\neneee\polygon_slice\polygonslice\x64\debug\vc143.idb
c:\users\neneee\polygon_slice\polygonslice\x64\debug\main.obj
c:\users\neneee\polygon_slice\polygonslice\x64\debug\filetobuf.obj
c:\users\neneee\polygon_slice\polygonslice\x64\debug\polygonslice.ilk
c:\users\neneee\polygon_slice\x64\debug\polygonslice.pdb
c:\users\neneee\polygon_slice\polygonslice\x64\debug\polygonslice.tlog\cl.command.1.tlog
c:\users\neneee\polygon_slice\polygonslice\x64\debug\polygonslice.tlog\cl.items.tlog
c:\users\neneee\polygon_slice\polygonslice\x64\debug\polygonslice.tlog\cl.read.1.tlog
c:\users\neneee\polygon_slice\polygonslice\x64\debug\polygonslice.tlog\cl.write.1.tlog
c:\users\neneee\polygon_slice\polygonslice\x64\debug\polygonslice.tlog\link-cvtres.read.1.tlog
c:\users\neneee\polygon_slice\polygonslice\x64\debug\polygonslice.tlog\link-cvtres.write.1.tlog
c:\users\neneee\polygon_slice\polygonslice\x64\debug\polygonslice.tlog\link-rc.read.1.tlog
c:\users\neneee\polygon_slice\polygonslice\x64\debug\polygonslice.tlog\link-rc.write.1.tlog
c:\users\neneee\polygon_slice\polygonslice\x64\debug\polygonslice.tlog\link.90840-cvtres.read.1.tlog
c:\users\neneee\polygon_slice\polygonslice\x64\debug\polygonslice.tlog\link.90840-cvtres.write.1.tlog
c:\users\neneee\polygon_slice\polygonslice\x64\debug\polygonslice.tlog\link.90840-rc.read.1.tlog
c:\users\neneee\polygon_slice\polygonslice\x64\debug\polygonslice.tlog\link.90840-rc.write.1.tlog
c:\users\neneee\polygon_slice\polygonslice\x64\debug\polygonslice.tlog\link.90840.read.1.tlog
c:\users\neneee\polygon_slice\polygonslice\x64\debug\polygonslice.tlog\link.90840.read.2.tlog
c:\users\neneee\polygon_slice\polygonslice\x64\debug\polygonslice.tlog\link.90840.read.3.tlog
c:\users\neneee\polygon_slice\polygonslice\x64\debug\polygonslice.tlog\link.90840.read.4.tlog
c:\users\neneee\polygon_slice\polygonslice\x64\debug\polygonslice.tlog\link.90840.write.1.tlog
c:\users\neneee\polygon_slice\polygonslice\x64\debug\polygonslice.tlog\link.command.1.tlog
c:\users\neneee\polygon_slice\polygonslice\x64\debug\polygonslice.tlog\link.read.1.tlog
c:\users\neneee\polygon_slice\polygonslice\x64\debug\polygonslice.tlog\link.read.2.tlog
c:\users\neneee\polygon_slice\polygonslice\x64\debug\polygonslice.tlog\link.read.3.tlog
c:\users\neneee\polygon_slice\polygonslice\x64\debug\polygonslice.tlog\link.read.4.tlog
c:\users\neneee\polygon_slice\polygonslice\x64\debug\polygonslice.tlog\link.secondary.1.tlog
c:\users\neneee\polygon_slice\polygonslice\x64\debug\polygonslice.tlog\link.write.1.tlog
